<?xml version="1.0" encoding="UTF-8"?>
<!-- Generated by org.testng.reporters.JUnitReportReporter -->
<testsuite hostname="Sedra" failures="0" tests="3" name="automationStoreTestCases.TestCases" time="0.045" errors="0" timestamp="2023-12-11T09:07:31 EET" skipped="0">
  <testcase classname="automationStoreTestCases.TestCases" name="Check_Sum" time="0.000"/>
  <system-out/>
  <testcase classname="automationStoreTestCases.TestCases" name="Navigate_To_Linkedin" time="0.001"/>
  <system-out/>
  <testcase classname="automationStoreTestCases.TestCases" name="Check_Payment" time="0.044"/>
  <system-out/>
</testsuite> <!-- automationStoreTestCases.TestCases -->
