<?xml version="1.0" encoding="UTF-8"?>
<!-- Generated by org.testng.reporters.JUnitReportReporter -->
<testsuite hostname="Sedra" failures="0" tests="3" name="automationStoreTestCases.TestCases" time="5.032" errors="0" timestamp="2023-12-13T20:42:03 EET" skipped="2">
  <testcase classname="automationStoreTestCases.TestCases" name="Navigate_To_Linkedin" time="5.032"/>
  <system-out/>
  <testcase classname="automationStoreTestCases.TestCases" name="Check_Sum">
    <skipped/>
  </testcase> <!-- Check_Sum -->
  <system-out/>
  <testcase classname="automationStoreTestCases.TestCases" name="Check_Payment">
    <skipped/>
  </testcase> <!-- Check_Payment -->
  <system-out/>
</testsuite> <!-- automationStoreTestCases.TestCases -->
