<?xml version="1.0" encoding="UTF-8"?>
<!-- Generated by org.testng.reporters.JUnitReportReporter -->
<testsuite hostname="Sedra" failures="0" tests="3" name="automationStoreTestCases.TestCases" time="4.264" errors="0" timestamp="2023-12-25T08:43:18 EET" skipped="0">
  <testcase classname="automationStoreTestCases.TestCases" name="Navigate_To_Linkedin" time="2.851"/>
  <system-out/>
  <testcase classname="automationStoreTestCases.TestCases" name="Check_Sum" time="1.258"/>
  <system-out/>
  <testcase classname="automationStoreTestCases.TestCases" name="Check_Payment" time="0.155"/>
  <system-out/>
</testsuite> <!-- automationStoreTestCases.TestCases -->
